d:\vscode\conference track management - 副本\conference track management\conference track management\debug\vc140.pdb
d:\vscode\conference track management - 副本\conference track management\conference track management\debug\vc140.idb
d:\vscode\conference track management - 副本\conference track management\conference track management\debug\cconferences.obj
d:\vscode\conference track management - 副本\conference track management\conference track management\debug\ccourse.obj
d:\vscode\conference track management - 副本\conference track management\conference track management\debug\cprinter.obj
d:\vscode\conference track management - 副本\conference track management\conference track management\debug\creader.obj
d:\vscode\conference track management - 副本\conference track management\conference track management\debug\ctrackmanager.obj
d:\vscode\conference track management - 副本\conference track management\conference track management\debug\main.obj
d:\vscode\conference track management - 副本\conference track management\conference track management\debug\crandom.obj
d:\vscode\conference track management - 副本\conference track management\conference track management\debug\ctactics.obj
d:\vscode\conference track management - 副本\conference track management\conference track management\debug\ctacticsconnect.obj
d:\vscode\conference track management - 副本\conference track management\conference track management\debug\ctimelimit.obj
d:\vscode\conference track management - 副本\conference track management\debug\conference track management.ilk
d:\vscode\conference track management - 副本\conference track management\debug\conference track management.exe
d:\vscode\conference track management - 副本\conference track management\debug\conference track management.pdb
d:\vscode\conference track management - 副本\conference track management\conference track management\debug\conferen.96d9b4df.tlog\cl.command.1.tlog
d:\vscode\conference track management - 副本\conference track management\conference track management\debug\conferen.96d9b4df.tlog\cl.read.1.tlog
d:\vscode\conference track management - 副本\conference track management\conference track management\debug\conferen.96d9b4df.tlog\cl.write.1.tlog
d:\vscode\conference track management - 副本\conference track management\conference track management\debug\conferen.96d9b4df.tlog\link.command.1.tlog
d:\vscode\conference track management - 副本\conference track management\conference track management\debug\conferen.96d9b4df.tlog\link.read.1.tlog
d:\vscode\conference track management - 副本\conference track management\conference track management\debug\conferen.96d9b4df.tlog\link.write.1.tlog
